2017-08-25 09:07:28,422 INFO[org.springframework.web.context.ContextLoader:305] - Root WebApplicationContext: initialization started
2017-08-25 09:07:28,577 INFO[org.springframework.web.context.support.XmlWebApplicationContext:581] - Refreshing Root WebApplicationContext: startup date [Fri Aug 25 09:07:28 CST 2017]; root of context hierarchy
2017-08-25 09:07:28,639 INFO[org.springframework.beans.factory.xml.XmlBeanDefinitionReader:317] - Loading XML bean definitions from URL [file:/E:/my_project/spring-springmvc-mybatis/classes/artifacts/py_test_war_exploded/WEB-INF/classes/application.xml]
2017-08-25 09:07:28,890 INFO[org.springframework.beans.factory.xml.XmlBeanDefinitionReader:317] - Loading XML bean definitions from class path resource [spring-config.xml]
2017-08-25 09:07:28,975 INFO[org.springframework.beans.factory.xml.XmlBeanDefinitionReader:317] - Loading XML bean definitions from class path resource [spring-mybatis.xml]
2017-08-25 09:07:29,150 INFO[org.springframework.beans.factory.xml.XmlBeanDefinitionReader:317] - Loading XML bean definitions from class path resource [spring-shiro.xml]
2017-08-25 09:07:29,499 INFO[org.springframework.context.support.PropertySourcesPlaceholderConfigurer:172] - Loading properties file from class path resource [db.properties]
2017-08-25 09:07:29,512 INFO[org.springframework.beans.factory.annotation.AutowiredAnnotationBeanPostProcessor:155] - JSR-330 'javax.inject.Inject' annotation found and supported for autowiring
2017-08-25 09:07:30,106 INFO[com.alibaba.druid.pool.DruidDataSource:686] - {dataSource-1} inited
2017-08-25 09:07:30,107 INFO[org.springframework.context.support.PostProcessorRegistrationDelegate$BeanPostProcessorChecker:328] - Bean 'dataSource' of type [class com.alibaba.druid.pool.DruidDataSource] is not eligible for getting processed by all BeanPostProcessors (for example: not eligible for auto-proxying)
2017-08-25 09:07:30,157 INFO[org.springframework.context.support.PostProcessorRegistrationDelegate$BeanPostProcessorChecker:328] - Bean 'org.apache.shiro.spring.security.interceptor.AuthorizationAttributeSourceAdvisor#0' of type [class org.apache.shiro.spring.security.interceptor.AuthorizationAttributeSourceAdvisor] is not eligible for getting processed by all BeanPostProcessors (for example: not eligible for auto-proxying)
2017-08-25 09:07:30,685 INFO[org.springframework.context.support.PostProcessorRegistrationDelegate$BeanPostProcessorChecker:328] - Bean 'sqlSessionFactory' of type [class org.mybatis.spring.SqlSessionFactoryBean] is not eligible for getting processed by all BeanPostProcessors (for example: not eligible for auto-proxying)
2017-08-25 09:07:30,686 INFO[org.springframework.context.support.PostProcessorRegistrationDelegate$BeanPostProcessorChecker:328] - Bean 'sqlSessionFactory' of type [class org.apache.ibatis.session.defaults.DefaultSqlSessionFactory] is not eligible for getting processed by all BeanPostProcessors (for example: not eligible for auto-proxying)
2017-08-25 09:07:30,694 INFO[org.springframework.context.support.PostProcessorRegistrationDelegate$BeanPostProcessorChecker:328] - Bean 'shiroUserMapper' of type [class org.mybatis.spring.mapper.MapperFactoryBean] is not eligible for getting processed by all BeanPostProcessors (for example: not eligible for auto-proxying)
2017-08-25 09:07:30,701 INFO[org.springframework.context.support.PostProcessorRegistrationDelegate$BeanPostProcessorChecker:328] - Bean 'shiroUserMapper' of type [class com.sun.proxy.$Proxy15] is not eligible for getting processed by all BeanPostProcessors (for example: not eligible for auto-proxying)
2017-08-25 09:07:30,707 INFO[org.springframework.context.support.PostProcessorRegistrationDelegate$BeanPostProcessorChecker:328] - Bean 'shiroUserService' of type [class com.py.service.impl.ShiroUserServiceImpl] is not eligible for getting processed by all BeanPostProcessors (for example: not eligible for auto-proxying)
2017-08-25 09:07:30,708 INFO[org.springframework.context.support.PostProcessorRegistrationDelegate$BeanPostProcessorChecker:328] - Bean 'myRealm' of type [class com.py.realm.MyRealm] is not eligible for getting processed by all BeanPostProcessors (for example: not eligible for auto-proxying)
2017-08-25 09:07:30,740 INFO[org.springframework.context.support.PostProcessorRegistrationDelegate$BeanPostProcessorChecker:328] - Bean 'securityManager' of type [class org.apache.shiro.web.mgt.DefaultWebSecurityManager] is not eligible for getting processed by all BeanPostProcessors (for example: not eligible for auto-proxying)
2017-08-25 09:07:30,757 INFO[org.springframework.context.support.PostProcessorRegistrationDelegate$BeanPostProcessorChecker:328] - Bean 'logout1' of type [class org.apache.shiro.web.filter.authc.LogoutFilter] is not eligible for getting processed by all BeanPostProcessors (for example: not eligible for auto-proxying)
2017-08-25 09:07:30,987 INFO[org.springframework.web.context.ContextLoader:345] - Root WebApplicationContext: initialization completed in 2562 ms
2017-08-25 09:07:31,097 INFO[org.springframework.web.servlet.DispatcherServlet:489] - FrameworkServlet 'SpringMVC': initialization started
2017-08-25 09:07:31,101 INFO[org.springframework.web.context.support.XmlWebApplicationContext:581] - Refreshing WebApplicationContext for namespace 'SpringMVC-servlet': startup date [Fri Aug 25 09:07:31 CST 2017]; parent: Root WebApplicationContext
2017-08-25 09:07:31,102 INFO[org.springframework.beans.factory.xml.XmlBeanDefinitionReader:317] - Loading XML bean definitions from URL [file:/E:/my_project/spring-springmvc-mybatis/classes/artifacts/py_test_war_exploded/WEB-INF/classes/spring-mvc.xml]
2017-08-25 09:07:31,322 INFO[org.springframework.beans.factory.annotation.AutowiredAnnotationBeanPostProcessor:155] - JSR-330 'javax.inject.Inject' annotation found and supported for autowiring
2017-08-25 09:07:31,478 INFO[org.springframework.web.servlet.handler.SimpleUrlHandlerMapping:354] - Mapped URL path [/**] onto handler 'org.springframework.web.servlet.resource.DefaultServletHttpRequestHandler#0'
2017-08-25 09:07:31,628 INFO[org.springframework.web.servlet.mvc.method.annotation.RequestMappingHandlerMapping:543] - Mapped "{[/shiro/user/login]}" onto public java.lang.String com.py.controller.ShiroUserController.login(com.py.entity.ShiroUser,javax.servlet.http.HttpServletRequest)
2017-08-25 09:07:31,630 INFO[org.springframework.web.servlet.mvc.method.annotation.RequestMappingHandlerMapping:543] - Mapped "{[/shiro/user/index]}" onto public java.lang.String com.py.controller.ShiroUserController.logout()
2017-08-25 09:07:31,631 INFO[org.springframework.web.servlet.mvc.method.annotation.RequestMappingHandlerMapping:543] - Mapped "{[/shiro/user/unauthorized]}" onto public java.lang.String com.py.controller.ShiroUserController.unauthorized()
2017-08-25 09:07:31,631 INFO[org.springframework.web.servlet.mvc.method.annotation.RequestMappingHandlerMapping:543] - Mapped "{[/shiro/user/person]}" onto public java.lang.String com.py.controller.ShiroUserController.admin()
2017-08-25 09:07:31,632 INFO[org.springframework.web.servlet.mvc.method.annotation.RequestMappingHandlerMapping:543] - Mapped "{[/shiro/user/student]}" onto public java.lang.String com.py.controller.ShiroUserController.student()
2017-08-25 09:07:31,632 INFO[org.springframework.web.servlet.mvc.method.annotation.RequestMappingHandlerMapping:543] - Mapped "{[/shiro/user/teacher]}" onto public java.lang.String com.py.controller.ShiroUserController.teacher()
2017-08-25 09:07:31,635 INFO[org.springframework.web.servlet.mvc.method.annotation.RequestMappingHandlerMapping:543] - Mapped "{[/v1/user/jspViewTest],produces=[application/json]}" onto public java.lang.String com.py.controller.UserController.jspViewTest()
2017-08-25 09:07:31,635 INFO[org.springframework.web.servlet.mvc.method.annotation.RequestMappingHandlerMapping:543] - Mapped "{[/v1/user/getById],produces=[application/json]}" onto public com.py.entity.User com.py.controller.UserController.getById(java.lang.Long)
2017-08-25 09:07:31,635 INFO[org.springframework.web.servlet.mvc.method.annotation.RequestMappingHandlerMapping:543] - Mapped "{[/v1/user/getUser],methods=[GET],produces=[application/json]}" onto public java.lang.String com.py.controller.UserController.getUser(java.lang.Long,org.springframework.ui.Model)
2017-08-25 09:07:31,636 INFO[org.springframework.web.servlet.mvc.method.annotation.RequestMappingHandlerMapping:543] - Mapped "{[/v1/user/dataTest],produces=[application/json]}" onto public java.lang.String com.py.controller.UserController.dataTest()
2017-08-25 09:07:32,166 INFO[org.springframework.web.servlet.mvc.method.annotation.RequestMappingHandlerAdapter:534] - Looking for @ControllerAdvice: WebApplicationContext for namespace 'SpringMVC-servlet': startup date [Fri Aug 25 09:07:31 CST 2017]; parent: Root WebApplicationContext
2017-08-25 09:07:32,295 INFO[org.springframework.web.servlet.mvc.method.annotation.RequestMappingHandlerAdapter:534] - Looking for @ControllerAdvice: WebApplicationContext for namespace 'SpringMVC-servlet': startup date [Fri Aug 25 09:07:31 CST 2017]; parent: Root WebApplicationContext
2017-08-25 09:07:32,408 INFO[org.springframework.web.servlet.handler.SimpleUrlHandlerMapping:354] - Mapped URL path [/html/**] onto handler 'org.springframework.web.servlet.resource.ResourceHttpRequestHandler#0'
2017-08-25 09:07:32,531 INFO[org.springframework.web.servlet.DispatcherServlet:508] - FrameworkServlet 'SpringMVC': initialization completed in 1433 ms
2017-08-25 09:07:41,921 INFO[com.py.controller.ShiroUserController:36] - admin登录
2017-08-25 09:16:32,932 INFO[org.springframework.web.context.support.XmlWebApplicationContext:982] - Closing WebApplicationContext for namespace 'SpringMVC-servlet': startup date [Fri Aug 25 09:07:31 CST 2017]; parent: Root WebApplicationContext
2017-08-25 09:16:32,943 INFO[org.springframework.web.context.support.XmlWebApplicationContext:982] - Closing Root WebApplicationContext: startup date [Fri Aug 25 09:07:28 CST 2017]; root of context hierarchy
2017-08-25 09:23:44,503 INFO[org.springframework.web.context.ContextLoader:305] - Root WebApplicationContext: initialization started
2017-08-25 09:23:44,680 INFO[org.springframework.web.context.support.XmlWebApplicationContext:581] - Refreshing Root WebApplicationContext: startup date [Fri Aug 25 09:23:44 CST 2017]; root of context hierarchy
2017-08-25 09:23:44,747 INFO[org.springframework.beans.factory.xml.XmlBeanDefinitionReader:317] - Loading XML bean definitions from URL [file:/E:/my_project/spring-springmvc-mybatis/classes/artifacts/spring_springmvc_mybatis_shiro_war_exploded/WEB-INF/classes/application.xml]
2017-08-25 09:23:44,838 INFO[org.springframework.beans.factory.xml.XmlBeanDefinitionReader:317] - Loading XML bean definitions from class path resource [spring-config.xml]
2017-08-25 09:23:44,933 INFO[org.springframework.beans.factory.xml.XmlBeanDefinitionReader:317] - Loading XML bean definitions from class path resource [spring-mybatis.xml]
2017-08-25 09:23:45,082 INFO[org.springframework.beans.factory.xml.XmlBeanDefinitionReader:317] - Loading XML bean definitions from class path resource [spring-shiro.xml]
2017-08-25 09:23:45,490 INFO[org.springframework.context.support.PropertySourcesPlaceholderConfigurer:172] - Loading properties file from class path resource [db.properties]
2017-08-25 09:23:45,502 INFO[org.springframework.beans.factory.annotation.AutowiredAnnotationBeanPostProcessor:155] - JSR-330 'javax.inject.Inject' annotation found and supported for autowiring
2017-08-25 09:23:46,060 INFO[com.alibaba.druid.pool.DruidDataSource:686] - {dataSource-1} inited
2017-08-25 09:23:46,060 INFO[org.springframework.context.support.PostProcessorRegistrationDelegate$BeanPostProcessorChecker:328] - Bean 'dataSource' of type [class com.alibaba.druid.pool.DruidDataSource] is not eligible for getting processed by all BeanPostProcessors (for example: not eligible for auto-proxying)
2017-08-25 09:23:46,105 INFO[org.springframework.context.support.PostProcessorRegistrationDelegate$BeanPostProcessorChecker:328] - Bean 'org.apache.shiro.spring.security.interceptor.AuthorizationAttributeSourceAdvisor#0' of type [class org.apache.shiro.spring.security.interceptor.AuthorizationAttributeSourceAdvisor] is not eligible for getting processed by all BeanPostProcessors (for example: not eligible for auto-proxying)
2017-08-25 09:23:46,517 INFO[org.springframework.context.support.PostProcessorRegistrationDelegate$BeanPostProcessorChecker:328] - Bean 'sqlSessionFactory' of type [class org.mybatis.spring.SqlSessionFactoryBean] is not eligible for getting processed by all BeanPostProcessors (for example: not eligible for auto-proxying)
2017-08-25 09:23:46,519 INFO[org.springframework.context.support.PostProcessorRegistrationDelegate$BeanPostProcessorChecker:328] - Bean 'sqlSessionFactory' of type [class org.apache.ibatis.session.defaults.DefaultSqlSessionFactory] is not eligible for getting processed by all BeanPostProcessors (for example: not eligible for auto-proxying)
2017-08-25 09:23:46,529 INFO[org.springframework.context.support.PostProcessorRegistrationDelegate$BeanPostProcessorChecker:328] - Bean 'shiroUserMapper' of type [class org.mybatis.spring.mapper.MapperFactoryBean] is not eligible for getting processed by all BeanPostProcessors (for example: not eligible for auto-proxying)
2017-08-25 09:23:46,534 INFO[org.springframework.context.support.PostProcessorRegistrationDelegate$BeanPostProcessorChecker:328] - Bean 'shiroUserMapper' of type [class com.sun.proxy.$Proxy15] is not eligible for getting processed by all BeanPostProcessors (for example: not eligible for auto-proxying)
2017-08-25 09:23:46,538 INFO[org.springframework.context.support.PostProcessorRegistrationDelegate$BeanPostProcessorChecker:328] - Bean 'shiroUserService' of type [class com.py.service.impl.ShiroUserServiceImpl] is not eligible for getting processed by all BeanPostProcessors (for example: not eligible for auto-proxying)
2017-08-25 09:23:46,540 INFO[org.apache.shiro.realm.AuthorizingRealm:248] - No cache or cacheManager properties have been set.  Authorization cache cannot be obtained.
2017-08-25 09:23:46,541 INFO[org.springframework.context.support.PostProcessorRegistrationDelegate$BeanPostProcessorChecker:328] - Bean 'myRealm' of type [class com.py.realm.MyRealm] is not eligible for getting processed by all BeanPostProcessors (for example: not eligible for auto-proxying)
2017-08-25 09:23:46,553 INFO[org.springframework.context.support.PostProcessorRegistrationDelegate$BeanPostProcessorChecker:328] - Bean 'securityManager' of type [class org.apache.shiro.web.mgt.DefaultWebSecurityManager] is not eligible for getting processed by all BeanPostProcessors (for example: not eligible for auto-proxying)
2017-08-25 09:23:46,576 INFO[org.springframework.context.support.PostProcessorRegistrationDelegate$BeanPostProcessorChecker:328] - Bean 'logout1' of type [class org.apache.shiro.web.filter.authc.LogoutFilter] is not eligible for getting processed by all BeanPostProcessors (for example: not eligible for auto-proxying)
2017-08-25 09:23:46,729 INFO[org.springframework.web.context.ContextLoader:345] - Root WebApplicationContext: initialization completed in 2222 ms
2017-08-25 09:23:46,843 INFO[org.springframework.web.servlet.DispatcherServlet:489] - FrameworkServlet 'SpringMVC': initialization started
2017-08-25 09:23:46,847 INFO[org.springframework.web.context.support.XmlWebApplicationContext:581] - Refreshing WebApplicationContext for namespace 'SpringMVC-servlet': startup date [Fri Aug 25 09:23:46 CST 2017]; parent: Root WebApplicationContext
2017-08-25 09:23:46,848 INFO[org.springframework.beans.factory.xml.XmlBeanDefinitionReader:317] - Loading XML bean definitions from URL [file:/E:/my_project/spring-springmvc-mybatis/classes/artifacts/spring_springmvc_mybatis_shiro_war_exploded/WEB-INF/classes/spring-mvc.xml]
2017-08-25 09:23:47,005 INFO[org.springframework.beans.factory.annotation.AutowiredAnnotationBeanPostProcessor:155] - JSR-330 'javax.inject.Inject' annotation found and supported for autowiring
2017-08-25 09:23:47,153 INFO[org.springframework.web.servlet.handler.SimpleUrlHandlerMapping:354] - Mapped URL path [/**] onto handler 'org.springframework.web.servlet.resource.DefaultServletHttpRequestHandler#0'
2017-08-25 09:23:47,278 INFO[org.springframework.web.servlet.mvc.method.annotation.RequestMappingHandlerMapping:543] - Mapped "{[/shiro/user/login]}" onto public java.lang.String com.py.controller.ShiroUserController.login(com.py.entity.ShiroUser,javax.servlet.http.HttpServletRequest)
2017-08-25 09:23:47,280 INFO[org.springframework.web.servlet.mvc.method.annotation.RequestMappingHandlerMapping:543] - Mapped "{[/shiro/user/index]}" onto public java.lang.String com.py.controller.ShiroUserController.logout()
2017-08-25 09:23:47,280 INFO[org.springframework.web.servlet.mvc.method.annotation.RequestMappingHandlerMapping:543] - Mapped "{[/shiro/user/unauthorized]}" onto public java.lang.String com.py.controller.ShiroUserController.unauthorized()
2017-08-25 09:23:47,280 INFO[org.springframework.web.servlet.mvc.method.annotation.RequestMappingHandlerMapping:543] - Mapped "{[/shiro/user/person]}" onto public java.lang.String com.py.controller.ShiroUserController.admin()
2017-08-25 09:23:47,281 INFO[org.springframework.web.servlet.mvc.method.annotation.RequestMappingHandlerMapping:543] - Mapped "{[/shiro/user/student]}" onto public java.lang.String com.py.controller.ShiroUserController.student()
2017-08-25 09:23:47,282 INFO[org.springframework.web.servlet.mvc.method.annotation.RequestMappingHandlerMapping:543] - Mapped "{[/shiro/user/teacher]}" onto public java.lang.String com.py.controller.ShiroUserController.teacher()
2017-08-25 09:23:47,285 INFO[org.springframework.web.servlet.mvc.method.annotation.RequestMappingHandlerMapping:543] - Mapped "{[/v1/user/jspViewTest],produces=[application/json]}" onto public java.lang.String com.py.controller.UserController.jspViewTest()
2017-08-25 09:23:47,286 INFO[org.springframework.web.servlet.mvc.method.annotation.RequestMappingHandlerMapping:543] - Mapped "{[/v1/user/getById],produces=[application/json]}" onto public com.py.entity.User com.py.controller.UserController.getById(java.lang.Long)
2017-08-25 09:23:47,286 INFO[org.springframework.web.servlet.mvc.method.annotation.RequestMappingHandlerMapping:543] - Mapped "{[/v1/user/getUser],methods=[GET],produces=[application/json]}" onto public java.lang.String com.py.controller.UserController.getUser(java.lang.Long,org.springframework.ui.Model)
2017-08-25 09:23:47,287 INFO[org.springframework.web.servlet.mvc.method.annotation.RequestMappingHandlerMapping:543] - Mapped "{[/v1/user/dataTest],produces=[application/json]}" onto public java.lang.String com.py.controller.UserController.dataTest()
2017-08-25 09:23:47,671 INFO[org.springframework.web.servlet.mvc.method.annotation.RequestMappingHandlerAdapter:534] - Looking for @ControllerAdvice: WebApplicationContext for namespace 'SpringMVC-servlet': startup date [Fri Aug 25 09:23:46 CST 2017]; parent: Root WebApplicationContext
2017-08-25 09:23:47,743 INFO[org.springframework.web.servlet.mvc.method.annotation.RequestMappingHandlerAdapter:534] - Looking for @ControllerAdvice: WebApplicationContext for namespace 'SpringMVC-servlet': startup date [Fri Aug 25 09:23:46 CST 2017]; parent: Root WebApplicationContext
2017-08-25 09:23:47,805 INFO[org.springframework.web.servlet.handler.SimpleUrlHandlerMapping:354] - Mapped URL path [/html/**] onto handler 'org.springframework.web.servlet.resource.ResourceHttpRequestHandler#0'
2017-08-25 09:23:47,921 INFO[org.springframework.web.servlet.DispatcherServlet:508] - FrameworkServlet 'SpringMVC': initialization completed in 1077 ms
2017-08-25 09:23:52,697 INFO[com.py.controller.ShiroUserController:36] - admin登录
2017-08-25 09:23:54,496 INFO[org.apache.shiro.realm.AuthorizingRealm:248] - No cache or cacheManager properties have been set.  Authorization cache cannot be obtained.
2017-08-25 09:23:55,625 INFO[org.apache.shiro.realm.AuthorizingRealm:248] - No cache or cacheManager properties have been set.  Authorization cache cannot be obtained.
2017-08-25 09:23:57,634 INFO[com.py.controller.ShiroUserController:36] - admin登录
2017-08-25 09:23:58,280 INFO[org.apache.shiro.realm.AuthorizingRealm:248] - No cache or cacheManager properties have been set.  Authorization cache cannot be obtained.
2017-08-25 09:23:59,975 INFO[org.apache.shiro.realm.AuthorizingRealm:248] - No cache or cacheManager properties have been set.  Authorization cache cannot be obtained.
